  ofApp.cpp
  Info: Boost.Config is older than your compiler version - probably nothing bad will happen - but you may wish to look for an update Boost version.  Define BOOST_CONFIG_SUPPRESS_OUTDATED_MESSAGE to suppress this message.
C:\openFrameworks_vs\libs\openFrameworks\math\ofMatrix4x4.h(326,20): warning C4267: 'argument': conversion from 'size_t' to 'int', possible loss of data
  (compiling source file 'src/ofApp.cpp')
  
C:\openFrameworks_vs\libs\openFrameworks\math\ofMatrix4x4.h(331,20): warning C4267: 'argument': conversion from 'size_t' to 'int', possible loss of data
  (compiling source file 'src/ofApp.cpp')
  
C:\openFrameworks_vs\libs\openFrameworks\math\ofMatrix4x4.h(912,11): warning C4267: 'argument': conversion from 'size_t' to 'int', possible loss of data
  (compiling source file 'src/ofApp.cpp')
  
C:\openFrameworks_vs\libs\openFrameworks\math\ofMatrix4x4.h(913,11): warning C4267: 'argument': conversion from 'size_t' to 'int', possible loss of data
  (compiling source file 'src/ofApp.cpp')
  
C:\openFrameworks_vs\libs\openFrameworks\math\ofMatrix4x4.h(914,11): warning C4267: 'argument': conversion from 'size_t' to 'int', possible loss of data
  (compiling source file 'src/ofApp.cpp')
  
C:\openFrameworks_vs\libs\openFrameworks\math\ofMatrix4x4.h(915,11): warning C4267: 'argument': conversion from 'size_t' to 'int', possible loss of data
  (compiling source file 'src/ofApp.cpp')
  
  PasswordManager.vcxproj -> C:\Users\voidc\OneDrive\Documents\GitHub\SoftwareEngineeringTeam1\PasswordManager\bin\PasswordManager_debug.exe
  
  	                   2	C:\openFrameworks_vs\libs\fmod\lib\vs\x64\
  	  *EXTRA File 		 6942208	C:\Users\voidc\OneDrive\Documents\GitHub\SoftwareEngineeringTeam1\PasswordManager\bin\FreeImage.dll
  
  	                   1	C:\openFrameworks_vs\libs\FreeImage\lib\vs\x64\
  	  *EXTRA File 		 1826304	C:\Users\voidc\OneDrive\Documents\GitHub\SoftwareEngineeringTeam1\PasswordManager\bin\fmod.dll
  	  *EXTRA File 		 2041856	C:\Users\voidc\OneDrive\Documents\GitHub\SoftwareEngineeringTeam1\PasswordManager\bin\fmodL.dll
